<?xml version="1.0" encoding="UTF-8"?>
<testng-results ignored="0" total="1" passed="1" failed="0" skipped="0">
  <reporter-output>
  </reporter-output>
  <suite started-at="2021-12-29T15:39:58 IST" name="Default suite" finished-at="2021-12-29T15:40:40 IST" duration-ms="42644">
    <groups>
    </groups>
    <test started-at="2021-12-29T15:39:58 IST" name="Default test" finished-at="2021-12-29T15:40:40 IST" duration-ms="42644">
      <class name="com.stockbrokerreport.test.TrendlynBrokerReportsTest">
        <test-method is-config="true" signature="initialize()[pri:0, instance:com.stockbrokerreport.test.TrendlynBrokerReportsTest@50ad3bc1]" started-at="2021-12-29T15:39:58 IST" name="initialize" finished-at="2021-12-29T15:40:12 IST" duration-ms="14314" status="PASS">
          <reporter-output>
          </reporter-output>
        </test-method> <!-- initialize -->
        <test-method signature="trendlynReport()[pri:0, instance:com.stockbrokerreport.test.TrendlynBrokerReportsTest@50ad3bc1]" started-at="2021-12-29T15:40:12 IST" name="trendlynReport" finished-at="2021-12-29T15:40:40 IST" duration-ms="28279" status="PASS">
          <reporter-output>
          </reporter-output>
        </test-method> <!-- trendlynReport -->
      </class> <!-- com.stockbrokerreport.test.TrendlynBrokerReportsTest -->
    </test> <!-- Default test -->
  </suite> <!-- Default suite -->
</testng-results>
